<?xml version="1.0" encoding="UTF-8"?>
<!-- Generated by org.testng.reporters.JUnitReportReporter -->
<testsuite skipped="0" hostname="DESKTOP-92IFQQ8" name="com.crm.qa.testcases.ContactsPageTest" tests="3" failures="0" timestamp="2021-07-17T16:55:16 IST" time="67.365" errors="0">
  <testcase name="contactsPageLabelTest" time="20.968" classname="com.crm.qa.testcases.ContactsPageTest"/>
  <system-out/>
  <testcase name="selectSingleContactsTest" time="22.308" classname="com.crm.qa.testcases.ContactsPageTest"/>
  <system-out/>
  <testcase name="selectMultipleContactsTest" time="24.089" classname="com.crm.qa.testcases.ContactsPageTest"/>
  <system-out/>
</testsuite> <!-- com.crm.qa.testcases.ContactsPageTest -->
