<?xml version="1.0" encoding="UTF-8"?>
<!-- Generated by org.testng.reporters.JUnitReportReporter -->
<testsuite skipped="0" hostname="DESKTOP-92IFQQ8" name="com.gmail.qa.testcases.LoginPageTest" tests="1" failures="0" timestamp="2021-07-17T19:48:03 IST" time="18.606" errors="0">
  <testcase name="loginTest" time="18.606" classname="com.gmail.qa.testcases.LoginPageTest"/>
  <system-out/>
</testsuite> <!-- com.gmail.qa.testcases.LoginPageTest -->
