<?xml version="1.0" encoding="UTF-8"?>
<!-- Generated by org.testng.reporters.JUnitReportReporter -->
<testsuite skipped="0" hostname="DESKTOP-92IFQQ8" name="com.crm.qa.testcases.HomePageTest" tests="3" failures="0" timestamp="2021-07-17T16:55:16 IST" time="59.166" errors="0">
  <testcase name="homePageTitleTest" time="18.694" classname="com.crm.qa.testcases.HomePageTest"/>
  <system-out/>
  <testcase name="userNameTest" time="19.792" classname="com.crm.qa.testcases.HomePageTest"/>
  <system-out/>
  <testcase name="contactsPageLinkTest" time="20.680" classname="com.crm.qa.testcases.HomePageTest"/>
  <system-out/>
</testsuite> <!-- com.crm.qa.testcases.HomePageTest -->
