<?xml version="1.0" encoding="UTF-8"?>
<!-- Generated by org.testng.reporters.JUnitReportReporter -->
<testsuite skipped="2" hostname="DESKTOP-92IFQQ8" name="com.gmail.qa.testcases.HomePageTest" tests="3" failures="0" timestamp="2021-07-18T20:35:19 IST" time="46.050" errors="0">
  <testcase name="readNameOfEmailSenderTest" time="46.050" classname="com.gmail.qa.testcases.HomePageTest"/>
  <system-out/>
  <testcase name="readNumberOfEmailTest" classname="com.gmail.qa.testcases.HomePageTest">
    <skipped/>
  </testcase> <!-- readNumberOfEmailTest -->
  <system-out/>
  <testcase name="sendEmailTest" classname="com.gmail.qa.testcases.HomePageTest">
    <skipped/>
  </testcase> <!-- sendEmailTest -->
  <system-out/>
</testsuite> <!-- com.gmail.qa.testcases.HomePageTest -->
