<?xml version="1.0" encoding="UTF-8"?>
<!-- Generated by org.testng.reporters.JUnitReportReporter -->
<testsuite skipped="0" hostname="DESKTOP-92IFQQ8" name="com.gmail.qa.testcases.HomePageTest" tests="3" failures="0" timestamp="2021-07-18T21:11:04 IST" time="100.237" errors="0">
  <testcase name="readNumberOfEmailTest" time="30.309" classname="com.gmail.qa.testcases.HomePageTest"/>
  <system-out/>
  <testcase name="readNameOfEmailSenderTest" time="29.263" classname="com.gmail.qa.testcases.HomePageTest"/>
  <system-out/>
  <testcase name="sendEmailTest" time="40.665" classname="com.gmail.qa.testcases.HomePageTest"/>
  <system-out/>
</testsuite> <!-- com.gmail.qa.testcases.HomePageTest -->
